<?xml version="1.0" encoding="UTF-8"?>
<testsuites name="jest tests" tests="3" failures="3" errors="0" time="90.741">
  <testsuite name="useNaverMap" errors="0" failures="3" skipped="0" timestamp="2024-09-01T08:36:59" time="90.453" tests="3">
    <testcase classname="useNaverMap 네이버 맵이 초기화되었을 때, 맵 객체가 설정된다" name="useNaverMap 네이버 맵이 초기화되었을 때, 맵 객체가 설정된다" time="30.01">
      <failure>Error: thrown: &quot;Exceeded timeout of 30000 ms for a test.
Add a timeout value to this test to increase the timeout, if this is a long-running test. See https://jestjs.io/docs/api#testname-fn-timeout.&quot;
    at /Users/janggwonju/programing/project/Network-office-FE/src/_common/_hooks/useNaverMap/_tests/useNaverMap.test.tsx:39:5
    at _dispatchDescribe (/Users/janggwonju/programing/project/Network-office-FE/node_modules/.pnpm/jest-circus@29.7.0/node_modules/jest-circus/build/index.js:91:26)
    at describe (/Users/janggwonju/programing/project/Network-office-FE/node_modules/.pnpm/jest-circus@29.7.0/node_modules/jest-circus/build/index.js:55:5)
    at Object.&lt;anonymous&gt; (/Users/janggwonju/programing/project/Network-office-FE/src/_common/_hooks/useNaverMap/_tests/useNaverMap.test.tsx:7:9)
    at Runtime._execModule (/Users/janggwonju/programing/project/Network-office-FE/node_modules/.pnpm/jest-runtime@29.7.0/node_modules/jest-runtime/build/index.js:1439:24)
    at Runtime._loadModule (/Users/janggwonju/programing/project/Network-office-FE/node_modules/.pnpm/jest-runtime@29.7.0/node_modules/jest-runtime/build/index.js:1022:12)
    at Runtime.requireModule (/Users/janggwonju/programing/project/Network-office-FE/node_modules/.pnpm/jest-runtime@29.7.0/node_modules/jest-runtime/build/index.js:882:12)
    at jestAdapter (/Users/janggwonju/programing/project/Network-office-FE/node_modules/.pnpm/jest-circus@29.7.0/node_modules/jest-circus/build/legacy-code-todo-rewrite/jestAdapter.js:77:13)
    at processTicksAndRejections (node:internal/process/task_queues:95:5)
    at runTestInternal (/Users/janggwonju/programing/project/Network-office-FE/node_modules/.pnpm/jest-runner@29.7.0/node_modules/jest-runner/build/runTest.js:367:16)
    at runTest (/Users/janggwonju/programing/project/Network-office-FE/node_modules/.pnpm/jest-runner@29.7.0/node_modules/jest-runner/build/runTest.js:444:34)
    at Object.worker (/Users/janggwonju/programing/project/Network-office-FE/node_modules/.pnpm/jest-runner@29.7.0/node_modules/jest-runner/build/testWorker.js:106:12)</failure>
    </testcase>
    <testcase classname="useNaverMap 지도 중심을 변경할 수 있다" name="useNaverMap 지도 중심을 변경할 수 있다" time="30.003">
      <failure>Error: thrown: &quot;Exceeded timeout of 30000 ms for a test.
Add a timeout value to this test to increase the timeout, if this is a long-running test. See https://jestjs.io/docs/api#testname-fn-timeout.&quot;
    at /Users/janggwonju/programing/project/Network-office-FE/src/_common/_hooks/useNaverMap/_tests/useNaverMap.test.tsx:47:5
    at _dispatchDescribe (/Users/janggwonju/programing/project/Network-office-FE/node_modules/.pnpm/jest-circus@29.7.0/node_modules/jest-circus/build/index.js:91:26)
    at describe (/Users/janggwonju/programing/project/Network-office-FE/node_modules/.pnpm/jest-circus@29.7.0/node_modules/jest-circus/build/index.js:55:5)
    at Object.&lt;anonymous&gt; (/Users/janggwonju/programing/project/Network-office-FE/src/_common/_hooks/useNaverMap/_tests/useNaverMap.test.tsx:7:9)
    at Runtime._execModule (/Users/janggwonju/programing/project/Network-office-FE/node_modules/.pnpm/jest-runtime@29.7.0/node_modules/jest-runtime/build/index.js:1439:24)
    at Runtime._loadModule (/Users/janggwonju/programing/project/Network-office-FE/node_modules/.pnpm/jest-runtime@29.7.0/node_modules/jest-runtime/build/index.js:1022:12)
    at Runtime.requireModule (/Users/janggwonju/programing/project/Network-office-FE/node_modules/.pnpm/jest-runtime@29.7.0/node_modules/jest-runtime/build/index.js:882:12)
    at jestAdapter (/Users/janggwonju/programing/project/Network-office-FE/node_modules/.pnpm/jest-circus@29.7.0/node_modules/jest-circus/build/legacy-code-todo-rewrite/jestAdapter.js:77:13)
    at processTicksAndRejections (node:internal/process/task_queues:95:5)
    at runTestInternal (/Users/janggwonju/programing/project/Network-office-FE/node_modules/.pnpm/jest-runner@29.7.0/node_modules/jest-runner/build/runTest.js:367:16)
    at runTest (/Users/janggwonju/programing/project/Network-office-FE/node_modules/.pnpm/jest-runner@29.7.0/node_modules/jest-runner/build/runTest.js:444:34)
    at Object.worker (/Users/janggwonju/programing/project/Network-office-FE/node_modules/.pnpm/jest-runner@29.7.0/node_modules/jest-runner/build/testWorker.js:106:12)</failure>
    </testcase>
    <testcase classname="useNaverMap 마커를 설정할 수 있다" name="useNaverMap 마커를 설정할 수 있다" time="30.005">
      <failure>Error: thrown: &quot;Exceeded timeout of 30000 ms for a test.
Add a timeout value to this test to increase the timeout, if this is a long-running test. See https://jestjs.io/docs/api#testname-fn-timeout.&quot;
    at /Users/janggwonju/programing/project/Network-office-FE/src/_common/_hooks/useNaverMap/_tests/useNaverMap.test.tsx:69:5
    at _dispatchDescribe (/Users/janggwonju/programing/project/Network-office-FE/node_modules/.pnpm/jest-circus@29.7.0/node_modules/jest-circus/build/index.js:91:26)
    at describe (/Users/janggwonju/programing/project/Network-office-FE/node_modules/.pnpm/jest-circus@29.7.0/node_modules/jest-circus/build/index.js:55:5)
    at Object.&lt;anonymous&gt; (/Users/janggwonju/programing/project/Network-office-FE/src/_common/_hooks/useNaverMap/_tests/useNaverMap.test.tsx:7:9)
    at Runtime._execModule (/Users/janggwonju/programing/project/Network-office-FE/node_modules/.pnpm/jest-runtime@29.7.0/node_modules/jest-runtime/build/index.js:1439:24)
    at Runtime._loadModule (/Users/janggwonju/programing/project/Network-office-FE/node_modules/.pnpm/jest-runtime@29.7.0/node_modules/jest-runtime/build/index.js:1022:12)
    at Runtime.requireModule (/Users/janggwonju/programing/project/Network-office-FE/node_modules/.pnpm/jest-runtime@29.7.0/node_modules/jest-runtime/build/index.js:882:12)
    at jestAdapter (/Users/janggwonju/programing/project/Network-office-FE/node_modules/.pnpm/jest-circus@29.7.0/node_modules/jest-circus/build/legacy-code-todo-rewrite/jestAdapter.js:77:13)
    at processTicksAndRejections (node:internal/process/task_queues:95:5)
    at runTestInternal (/Users/janggwonju/programing/project/Network-office-FE/node_modules/.pnpm/jest-runner@29.7.0/node_modules/jest-runner/build/runTest.js:367:16)
    at runTest (/Users/janggwonju/programing/project/Network-office-FE/node_modules/.pnpm/jest-runner@29.7.0/node_modules/jest-runner/build/runTest.js:444:34)
    at Object.worker (/Users/janggwonju/programing/project/Network-office-FE/node_modules/.pnpm/jest-runner@29.7.0/node_modules/jest-runner/build/testWorker.js:106:12)</failure>
    </testcase>
  </testsuite>
</testsuites>